[debug] [2025-10-04T07:28:17.452Z] ----------------------------------------------------------------------
[debug] [2025-10-04T07:28:17.455Z] Command:       C:\Program Files\nodejs\node.exe C:\Users\Sir Scarfalot\AppData\Roaming\npm\node_modules\firebase-tools\lib\bin\firebase.js use --add
[debug] [2025-10-04T07:28:17.455Z] CLI Version:   14.18.0
[debug] [2025-10-04T07:28:17.455Z] Platform:      win32
[debug] [2025-10-04T07:28:17.456Z] Node Version:  v22.15.1
[debug] [2025-10-04T07:28:17.456Z] Time:          Sat Oct 04 2025 00:28:17 GMT-0700 (Pacific Daylight Time)
[debug] [2025-10-04T07:28:17.456Z] ----------------------------------------------------------------------
[debug] 
[debug] [2025-10-04T07:28:17.640Z] > command requires scopes: ["email","openid","https://www.googleapis.com/auth/cloudplatformprojects.readonly","https://www.googleapis.com/auth/firebase","https://www.googleapis.com/auth/cloud-platform"]
[debug] [2025-10-04T07:28:17.640Z] > authorizing via signed-in user (sir.scarfalot2991@gmail.com)
[debug] [2025-10-04T07:28:17.642Z] Checked if tokens are valid: false, expires at: 1759561349161
[debug] [2025-10-04T07:28:17.642Z] Checked if tokens are valid: false, expires at: 1759561349161
[debug] [2025-10-04T07:28:17.642Z] > refreshing access token with scopes: []
[debug] [2025-10-04T07:28:17.643Z] >>> [apiv2][query] POST https://www.googleapis.com/oauth2/v3/token [none]
[debug] [2025-10-04T07:28:17.643Z] >>> [apiv2][body] POST https://www.googleapis.com/oauth2/v3/token [omitted]
[debug] [2025-10-04T07:28:17.834Z] <<< [apiv2][status] POST https://www.googleapis.com/oauth2/v3/token 200
[debug] [2025-10-04T07:28:17.834Z] <<< [apiv2][body] POST https://www.googleapis.com/oauth2/v3/token [omitted]
[debug] [2025-10-04T07:28:17.840Z] >>> [apiv2][query] GET https://firebase.googleapis.com/v1beta1/projects pageSize=1000
[debug] [2025-10-04T07:28:18.153Z] <<< [apiv2][status] GET https://firebase.googleapis.com/v1beta1/projects 200
[debug] [2025-10-04T07:28:18.153Z] <<< [apiv2][body] GET https://firebase.googleapis.com/v1beta1/projects [omitted]
[info] 
[info] Created alias friendlyeats-codelab for week-7-anton.
[info] Now using alias friendlyeats-codelab (week-7-anton)
[debug] [2025-10-04T07:28:54.752Z] Error: Timed out.
    at Timeout._onTimeout (C:\Users\Sir Scarfalot\AppData\Roaming\npm\node_modules\firebase-tools\lib\utils.js:275:49)
    at listOnTimeout (node:internal/timers:588:17)
    at process.processTimers (node:internal/timers:523:7)
[error] 
[error] Error: An unexpected error has occurred.
